<?xml version="1.0" encoding="UTF-8"?>
<!-- Generated by org.testng.reporters.JUnitReportReporter -->
<testsuite skipped="0" hostname="usnyxs32w7n265" name="scripts.Validlogin" tests="1" failures="0" timestamp="16 Nov 2018 12:13:53 GMT" time="35.967" errors="0">
  <testcase name="login" time="35.967" classname="scripts.Validlogin"/>
</testsuite> <!-- scripts.Validlogin -->
